<?xml version="1.0" encoding="UTF-8"?>
<!-- Generated by org.testng.reporters.JUnitReportReporter -->
<testsuite skipped="0" hostname="DESKTOP-LA3H5OT" name="com.jbk.FirstTest" tests="1" failures="0" timestamp="2022-10-02T00:53:17 IST" time="0.015" errors="0">
  <testcase name="test01" time="0.015" classname="com.jbk.FirstTest"/>
  <system-out/>
</testsuite> <!-- com.jbk.FirstTest -->
